<?xml version="1.0" encoding="utf-8"?><checkstyle version="4.3"><file name="C:\Users\David\Desktop\ESPOL\8vo semestre\Ing Soft\proyecto\app\TarifansApp\App.tsx"></file><file name="C:\Users\David\Desktop\ESPOL\8vo semestre\Ing Soft\proyecto\app\TarifansApp\components\EditScreenInfo.tsx"></file><file name="C:\Users\David\Desktop\ESPOL\8vo semestre\Ing Soft\proyecto\app\TarifansApp\components\Elementos\BackButtom.tsx"><error line="2" column="17" severity="warning" message="&apos;useState&apos; is defined but never used. (@typescript-eslint/no-unused-vars)" source="eslint.rules.@typescript-eslint/no-unused-vars" /><error line="4" column="3" severity="warning" message="&apos;StyleSheet&apos; is defined but never used. (@typescript-eslint/no-unused-vars)" source="eslint.rules.@typescript-eslint/no-unused-vars" /><error line="6" column="3" severity="warning" message="&apos;Dimensions&apos; is defined but never used. (@typescript-eslint/no-unused-vars)" source="eslint.rules.@typescript-eslint/no-unused-vars" /><error line="7" column="3" severity="warning" message="&apos;Platform&apos; is defined but never used. (@typescript-eslint/no-unused-vars)" source="eslint.rules.@typescript-eslint/no-unused-vars" /><error line="13" column="54" severity="warning" message="Unexpected any. Specify a different type. (@typescript-eslint/no-explicit-any)" source="eslint.rules.@typescript-eslint/no-explicit-any" /><error line="15" column="11" severity="warning" message="&apos;onPress&apos; is assigned a value but never used. (@typescript-eslint/no-unused-vars)" source="eslint.rules.@typescript-eslint/no-unused-vars" /><error line="21" column="19" severity="error" message="Unexpected require(). (global-require)" source="eslint.rules.global-require" /></file><file name="C:\Users\David\Desktop\ESPOL\8vo semestre\Ing Soft\proyecto\app\TarifansApp\components\Elementos\Boton.tsx"><error line="1" column="17" severity="warning" message="&apos;useState&apos; is defined but never used. (@typescript-eslint/no-unused-vars)" source="eslint.rules.@typescript-eslint/no-unused-vars" /><error line="2" column="10" severity="warning" message="&apos;StyleSheet&apos; is defined but never used. (@typescript-eslint/no-unused-vars)" source="eslint.rules.@typescript-eslint/no-unused-vars" /><error line="7" column="12" severity="warning" message="Unexpected any. Specify a different type. (@typescript-eslint/no-explicit-any)" source="eslint.rules.@typescript-eslint/no-explicit-any" /></file><file name="C:\Users\David\Desktop\ESPOL\8vo semestre\Ing Soft\proyecto\app\TarifansApp\components\Elementos\CarouselCardItem.tsx"><error line="38" column="44" severity="warning" message="Unexpected any. Specify a different type. (@typescript-eslint/no-explicit-any)" source="eslint.rules.@typescript-eslint/no-explicit-any" /></file><file name="C:\Users\David\Desktop\ESPOL\8vo semestre\Ing Soft\proyecto\app\TarifansApp\components\Elementos\CarouselCards.tsx"><error line="3" column="8" severity="warning" message="&apos;CarouselCardItem&apos; is defined but never used. (@typescript-eslint/no-unused-vars)" source="eslint.rules.@typescript-eslint/no-unused-vars" /><error line="3" column="28" severity="warning" message="&apos;SLIDER_WIDTH&apos; is defined but never used. (@typescript-eslint/no-unused-vars)" source="eslint.rules.@typescript-eslint/no-unused-vars" /><error line="3" column="42" severity="warning" message="&apos;ITEM_WIDTH&apos; is defined but never used. (@typescript-eslint/no-unused-vars)" source="eslint.rules.@typescript-eslint/no-unused-vars" /><error line="23" column="26" severity="warning" message="&apos;data&apos; is defined but never used. (@typescript-eslint/no-unused-vars)" source="eslint.rules.@typescript-eslint/no-unused-vars" /><error line="23" column="34" severity="warning" message="Unexpected any. Specify a different type. (@typescript-eslint/no-explicit-any)" source="eslint.rules.@typescript-eslint/no-explicit-any" /><error line="24" column="10" severity="warning" message="&apos;index&apos; is assigned a value but never used. (@typescript-eslint/no-unused-vars)" source="eslint.rules.@typescript-eslint/no-unused-vars" /><error line="24" column="17" severity="warning" message="&apos;setIndex&apos; is assigned a value but never used. (@typescript-eslint/no-unused-vars)" source="eslint.rules.@typescript-eslint/no-unused-vars" /><error line="25" column="9" severity="warning" message="&apos;isCarousel&apos; is assigned a value but never used. (@typescript-eslint/no-unused-vars)" source="eslint.rules.@typescript-eslint/no-unused-vars" /></file><file name="C:\Users\David\Desktop\ESPOL\8vo semestre\Ing Soft\proyecto\app\TarifansApp\components\Elementos\Header.tsx"><error line="1" column="17" severity="warning" message="&apos;useState&apos; is defined but never used. (@typescript-eslint/no-unused-vars)" source="eslint.rules.@typescript-eslint/no-unused-vars" /><error line="3" column="10" severity="warning" message="&apos;useNavigation&apos; is defined but never used. (@typescript-eslint/no-unused-vars)" source="eslint.rules.@typescript-eslint/no-unused-vars" /><error line="7" column="10" severity="warning" message="&apos;onChangeUser&apos; is defined but never used. (@typescript-eslint/no-unused-vars)" source="eslint.rules.@typescript-eslint/no-unused-vars" /><error line="7" column="23" severity="warning" message="&apos;text&apos; is defined but never used. (@typescript-eslint/no-unused-vars)" source="eslint.rules.@typescript-eslint/no-unused-vars" /><error line="11" column="33" severity="warning" message="Unexpected any. Specify a different type. (@typescript-eslint/no-explicit-any)" source="eslint.rules.@typescript-eslint/no-explicit-any" /><error line="17" column="19" severity="error" message="Unexpected require(). (global-require)" source="eslint.rules.global-require" /><error line="23" column="19" severity="error" message="Unexpected require(). (global-require)" source="eslint.rules.global-require" /><error line="32" column="31" severity="error" message="Unexpected empty arrow function. (@typescript-eslint/no-empty-function)" source="eslint.rules.@typescript-eslint/no-empty-function" /><error line="39" column="19" severity="error" message="Unexpected require(). (global-require)" source="eslint.rules.global-require" /></file><file name="C:\Users\David\Desktop\ESPOL\8vo semestre\Ing Soft\proyecto\app\TarifansApp\components\Elementos\HeaderDiferente.tsx"><error line="2" column="3" severity="warning" message="&apos;StyleSheet&apos; is defined but never used. (@typescript-eslint/no-unused-vars)" source="eslint.rules.@typescript-eslint/no-unused-vars" /><error line="3" column="3" severity="warning" message="&apos;Image&apos; is defined but never used. (@typescript-eslint/no-unused-vars)" source="eslint.rules.@typescript-eslint/no-unused-vars" /><error line="4" column="3" severity="warning" message="&apos;TouchableOpacity&apos; is defined but never used. (@typescript-eslint/no-unused-vars)" source="eslint.rules.@typescript-eslint/no-unused-vars" /><error line="18" column="37" severity="warning" message="Unexpected any. Specify a different type. (@typescript-eslint/no-explicit-any)" source="eslint.rules.@typescript-eslint/no-explicit-any" /><error line="21" column="5" severity="error" message="&apos;React&apos; must be in scope when using JSX (react/react-in-jsx-scope)" source="eslint.rules.react/react-in-jsx-scope" /><error line="22" column="7" severity="error" message="&apos;React&apos; must be in scope when using JSX (react/react-in-jsx-scope)" source="eslint.rules.react/react-in-jsx-scope" /><error line="32" column="17" severity="error" message="Unexpected require(). (global-require)" source="eslint.rules.global-require" /><error line="34" column="9" severity="error" message="&apos;React&apos; must be in scope when using JSX (react/react-in-jsx-scope)" source="eslint.rules.react/react-in-jsx-scope" /><error line="35" column="11" severity="error" message="&apos;React&apos; must be in scope when using JSX (react/react-in-jsx-scope)" source="eslint.rules.react/react-in-jsx-scope" /><error line="37" column="9" severity="error" message="&apos;React&apos; must be in scope when using JSX (react/react-in-jsx-scope)" source="eslint.rules.react/react-in-jsx-scope" /></file><file name="C:\Users\David\Desktop\ESPOL\8vo semestre\Ing Soft\proyecto\app\TarifansApp\components\Elementos\ImgCard.tsx"><error line="7" column="7" severity="warning" message="&apos;styles&apos; is assigned a value but never used. (@typescript-eslint/no-unused-vars)" source="eslint.rules.@typescript-eslint/no-unused-vars" /><error line="37" column="37" severity="warning" message="Unexpected any. Specify a different type. (@typescript-eslint/no-explicit-any)" source="eslint.rules.@typescript-eslint/no-explicit-any" /></file><file name="C:\Users\David\Desktop\ESPOL\8vo semestre\Ing Soft\proyecto\app\TarifansApp\components\Elementos\ImgSwiper.tsx"><error line="2" column="10" severity="warning" message="&apos;Text&apos; is defined but never used. (@typescript-eslint/no-unused-vars)" source="eslint.rules.@typescript-eslint/no-unused-vars" /><error line="8" column="32" severity="warning" message="Unexpected any. Specify a different type. (@typescript-eslint/no-explicit-any)" source="eslint.rules.@typescript-eslint/no-explicit-any" /><error line="31" column="27" severity="warning" message="Unexpected any. Specify a different type. (@typescript-eslint/no-explicit-any)" source="eslint.rules.@typescript-eslint/no-explicit-any" /><error line="31" column="39" severity="warning" message="Unexpected any. Specify a different type. (@typescript-eslint/no-explicit-any)" source="eslint.rules.@typescript-eslint/no-explicit-any" /><error line="33" column="18" severity="error" message="Do not use Array index in keys (react/no-array-index-key)" source="eslint.rules.react/no-array-index-key" /></file><file name="C:\Users\David\Desktop\ESPOL\8vo semestre\Ing Soft\proyecto\app\TarifansApp\components\Elementos\MediaElement.tsx"><error line="25" column="35" severity="warning" message="Unexpected any. Specify a different type. (@typescript-eslint/no-explicit-any)" source="eslint.rules.@typescript-eslint/no-explicit-any" /><error line="27" column="10" severity="warning" message="&apos;status&apos; is assigned a value but never used. (@typescript-eslint/no-unused-vars)" source="eslint.rules.@typescript-eslint/no-unused-vars" /><error line="45" column="27" severity="error" message="Expected &apos;===&apos; and instead saw &apos;==&apos;. (eqeqeq)" source="eslint.rules.eqeqeq" /><error line="56" column="33" severity="error" message="&apos;status&apos; is already declared in the upper scope. (@typescript-eslint/no-shadow)" source="eslint.rules.@typescript-eslint/no-shadow" /></file><file name="C:\Users\David\Desktop\ESPOL\8vo semestre\Ing Soft\proyecto\app\TarifansApp\components\Elementos\MultiSelector.tsx"><error line="5" column="3" severity="warning" message="&apos;View&apos; is defined but never used. (@typescript-eslint/no-unused-vars)" source="eslint.rules.@typescript-eslint/no-unused-vars" /><error line="7" column="3" severity="warning" message="&apos;Image&apos; is defined but never used. (@typescript-eslint/no-unused-vars)" source="eslint.rules.@typescript-eslint/no-unused-vars" /><error line="36" column="38" severity="warning" message="Unexpected any. Specify a different type. (@typescript-eslint/no-explicit-any)" source="eslint.rules.@typescript-eslint/no-explicit-any" /><error line="61" column="37" severity="warning" message="Unexpected any. Specify a different type. (@typescript-eslint/no-explicit-any)" source="eslint.rules.@typescript-eslint/no-explicit-any" /><error line="77" column="44" severity="warning" message="Unexpected any. Specify a different type. (@typescript-eslint/no-explicit-any)" source="eslint.rules.@typescript-eslint/no-explicit-any" /><error line="79" column="51" severity="error" message="Do not use Array index in keys (react/no-array-index-key)" source="eslint.rules.react/no-array-index-key" /></file><file name="C:\Users\David\Desktop\ESPOL\8vo semestre\Ing Soft\proyecto\app\TarifansApp\components\Home\HeaderSinLogo.tsx"><error line="1" column="17" severity="warning" message="&apos;useState&apos; is defined but never used. (@typescript-eslint/no-unused-vars)" source="eslint.rules.@typescript-eslint/no-unused-vars" /><error line="6" column="3" severity="warning" message="&apos;TextInput&apos; is defined but never used. (@typescript-eslint/no-unused-vars)" source="eslint.rules.@typescript-eslint/no-unused-vars" /><error line="16" column="7" severity="warning" message="&apos;deviceScale&apos; is assigned a value but never used. (@typescript-eslint/no-unused-vars)" source="eslint.rules.@typescript-eslint/no-unused-vars" /><error line="17" column="7" severity="warning" message="&apos;deviceWidth&apos; is assigned a value but never used. (@typescript-eslint/no-unused-vars)" source="eslint.rules.@typescript-eslint/no-unused-vars" /><error line="18" column="7" severity="warning" message="&apos;deviceHeight&apos; is assigned a value but never used. (@typescript-eslint/no-unused-vars)" source="eslint.rules.@typescript-eslint/no-unused-vars" /><error line="58" column="40" severity="warning" message="Unexpected any. Specify a different type. (@typescript-eslint/no-explicit-any)" source="eslint.rules.@typescript-eslint/no-explicit-any" /><error line="65" column="21" severity="error" message="Unexpected require(). (global-require)" source="eslint.rules.global-require" /><error line="71" column="19" severity="error" message="Unexpected require(). (global-require)" source="eslint.rules.global-require" /><error line="80" column="10" severity="warning" message="&apos;onChangeUser&apos; is defined but never used. (@typescript-eslint/no-unused-vars)" source="eslint.rules.@typescript-eslint/no-unused-vars" /><error line="80" column="23" severity="warning" message="&apos;text&apos; is defined but never used. (@typescript-eslint/no-unused-vars)" source="eslint.rules.@typescript-eslint/no-unused-vars" /></file><file name="C:\Users\David\Desktop\ESPOL\8vo semestre\Ing Soft\proyecto\app\TarifansApp\components\Home\Post.tsx"><error line="29" column="15" severity="error" message="Unexpected require(). (global-require)" source="eslint.rules.global-require" /><error line="30" column="20" severity="error" message="Unexpected require(). (global-require)" source="eslint.rules.global-require" /><error line="34" column="15" severity="error" message="Unexpected require(). (global-require)" source="eslint.rules.global-require" /><error line="38" column="15" severity="error" message="Unexpected require(). (global-require)" source="eslint.rules.global-require" /><error line="39" column="20" severity="error" message="Unexpected require(). (global-require)" source="eslint.rules.global-require" /><error line="43" column="15" severity="error" message="Unexpected require(). (global-require)" source="eslint.rules.global-require" /><error line="47" column="25" severity="warning" message="Unexpected any. Specify a different type. (@typescript-eslint/no-explicit-any)" source="eslint.rules.@typescript-eslint/no-explicit-any" /><error line="51" column="8" severity="error" message="&apos;PostHeader&apos; was used before it was defined. (@typescript-eslint/no-use-before-define)" source="eslint.rules.@typescript-eslint/no-use-before-define" /><error line="52" column="8" severity="error" message="&apos;PostImage&apos; was used before it was defined. (@typescript-eslint/no-use-before-define)" source="eslint.rules.@typescript-eslint/no-use-before-define" /><error line="53" column="8" severity="error" message="&apos;PostFooter&apos; was used before it was defined. (@typescript-eslint/no-use-before-define)" source="eslint.rules.@typescript-eslint/no-use-before-define" /><error line="54" column="8" severity="error" message="&apos;PostCaption&apos; was used before it was defined. (@typescript-eslint/no-use-before-define)" source="eslint.rules.@typescript-eslint/no-use-before-define" /><error line="58" column="31" severity="warning" message="Unexpected any. Specify a different type. (@typescript-eslint/no-explicit-any)" source="eslint.rules.@typescript-eslint/no-explicit-any" /><error line="77" column="30" severity="warning" message="Unexpected any. Specify a different type. (@typescript-eslint/no-explicit-any)" source="eslint.rules.@typescript-eslint/no-explicit-any" /><error line="92" column="10" severity="error" message="&apos;Icon&apos; was used before it was defined. (@typescript-eslint/no-use-before-define)" source="eslint.rules.@typescript-eslint/no-use-before-define" /><error line="96" column="10" severity="error" message="&apos;Icon&apos; was used before it was defined. (@typescript-eslint/no-use-before-define)" source="eslint.rules.@typescript-eslint/no-use-before-define" /><error line="100" column="10" severity="error" message="&apos;Icon&apos; was used before it was defined. (@typescript-eslint/no-use-before-define)" source="eslint.rules.@typescript-eslint/no-use-before-define" /><error line="106" column="10" severity="error" message="&apos;Icon&apos; was used before it was defined. (@typescript-eslint/no-use-before-define)" source="eslint.rules.@typescript-eslint/no-use-before-define" /><error line="115" column="32" severity="warning" message="Unexpected any. Specify a different type. (@typescript-eslint/no-explicit-any)" source="eslint.rules.@typescript-eslint/no-explicit-any" /><error line="126" column="37" severity="warning" message="Unexpected any. Specify a different type. (@typescript-eslint/no-explicit-any)" source="eslint.rules.@typescript-eslint/no-explicit-any" /></file><file name="C:\Users\David\Desktop\ESPOL\8vo semestre\Ing Soft\proyecto\app\TarifansApp\components\StyledText.tsx"><error line="3" column="1" severity="error" message="Prefer default export. (import/prefer-default-export)" source="eslint.rules.import/prefer-default-export" /><error line="5" column="5" severity="error" message="&apos;React&apos; must be in scope when using JSX (react/react-in-jsx-scope)" source="eslint.rules.react/react-in-jsx-scope" /><error line="5" column="11" severity="error" message="Prop spreading is forbidden (react/jsx-props-no-spreading)" source="eslint.rules.react/jsx-props-no-spreading" /><error line="5" column="30" severity="error" message="Must use destructuring props assignment (react/destructuring-assignment)" source="eslint.rules.react/destructuring-assignment" /></file><file name="C:\Users\David\Desktop\ESPOL\8vo semestre\Ing Soft\proyecto\app\TarifansApp\components\Styles\BackButtomStyle.tsx"></file><file name="C:\Users\David\Desktop\ESPOL\8vo semestre\Ing Soft\proyecto\app\TarifansApp\components\Styles\ButtonStyle.tsx"></file><file name="C:\Users\David\Desktop\ESPOL\8vo semestre\Ing Soft\proyecto\app\TarifansApp\components\Styles\HeaderDiferenteStyle.tsx"></file><file name="C:\Users\David\Desktop\ESPOL\8vo semestre\Ing Soft\proyecto\app\TarifansApp\components\Styles\HeaderStyle.tsx"><error line="4" column="27" severity="warning" message="&apos;hp&apos; is defined but never used. (@typescript-eslint/no-unused-vars)" source="eslint.rules.@typescript-eslint/no-unused-vars" /></file><file name="C:\Users\David\Desktop\ESPOL\8vo semestre\Ing Soft\proyecto\app\TarifansApp\components\Themed.tsx"><error line="36" column="10" severity="error" message="&apos;React&apos; must be in scope when using JSX (react/react-in-jsx-scope)" source="eslint.rules.react/react-in-jsx-scope" /><error line="36" column="50" severity="error" message="Prop spreading is forbidden (react/jsx-props-no-spreading)" source="eslint.rules.react/jsx-props-no-spreading" /><error line="46" column="10" severity="error" message="&apos;React&apos; must be in scope when using JSX (react/react-in-jsx-scope)" source="eslint.rules.react/react-in-jsx-scope" /><error line="46" column="60" severity="error" message="Prop spreading is forbidden (react/jsx-props-no-spreading)" source="eslint.rules.react/jsx-props-no-spreading" /></file><file name="C:\Users\David\Desktop\ESPOL\8vo semestre\Ing Soft\proyecto\app\TarifansApp\constants\Colors.ts"></file><file name="C:\Users\David\Desktop\ESPOL\8vo semestre\Ing Soft\proyecto\app\TarifansApp\constants\Layout.ts"></file><file name="C:\Users\David\Desktop\ESPOL\8vo semestre\Ing Soft\proyecto\app\TarifansApp\globals.d.ts"></file><file name="C:\Users\David\Desktop\ESPOL\8vo semestre\Ing Soft\proyecto\app\TarifansApp\hooks\backendAPI.ts"><error line="4" column="34" severity="warning" message="Unexpected any. Specify a different type. (@typescript-eslint/no-explicit-any)" source="eslint.rules.@typescript-eslint/no-explicit-any" /><error line="5" column="3" severity="warning" message="Unexpected console statement. (no-console)" source="eslint.rules.no-console" /><error line="6" column="21" severity="warning" message="Unexpected any. Specify a different type. (@typescript-eslint/no-explicit-any)" source="eslint.rules.@typescript-eslint/no-explicit-any" /><error line="9" column="37" severity="warning" message="Unexpected any. Specify a different type. (@typescript-eslint/no-explicit-any)" source="eslint.rules.@typescript-eslint/no-explicit-any" /><error line="10" column="21" severity="warning" message="Unexpected any. Specify a different type. (@typescript-eslint/no-explicit-any)" source="eslint.rules.@typescript-eslint/no-explicit-any" /><error line="13" column="55" severity="warning" message="&apos;token&apos; is defined but never used. (@typescript-eslint/no-unused-vars)" source="eslint.rules.@typescript-eslint/no-unused-vars" /><error line="14" column="20" severity="warning" message="Unexpected any. Specify a different type. (@typescript-eslint/no-explicit-any)" source="eslint.rules.@typescript-eslint/no-explicit-any" /><error line="17" column="18" severity="error" message="Unexpected string concatenation of literals. (no-useless-concat)" source="eslint.rules.no-useless-concat" /><error line="24" column="3" severity="warning" message="&apos;token&apos; is defined but never used. (@typescript-eslint/no-unused-vars)" source="eslint.rules.@typescript-eslint/no-unused-vars" /><error line="26" column="10" severity="error" message="Redundant use of `await` on a return value. (no-return-await)" source="eslint.rules.no-return-await" /><error line="26" column="26" severity="warning" message="Unexpected any. Specify a different type. (@typescript-eslint/no-explicit-any)" source="eslint.rules.@typescript-eslint/no-explicit-any" /><error line="29" column="18" severity="error" message="Unexpected string concatenation of literals. (no-useless-concat)" source="eslint.rules.no-useless-concat" /><error line="34" column="14" severity="error" message="Identifier &apos;resetPassword_p1&apos; is not in camel case. (camelcase)" source="eslint.rules.camelcase" /><error line="34" column="45" severity="warning" message="Unexpected any. Specify a different type. (@typescript-eslint/no-explicit-any)" source="eslint.rules.@typescript-eslint/no-explicit-any" /><error line="35" column="21" severity="warning" message="Unexpected any. Specify a different type. (@typescript-eslint/no-explicit-any)" source="eslint.rules.@typescript-eslint/no-explicit-any" /><error line="38" column="14" severity="error" message="Identifier &apos;resetPassword_p2&apos; is not in camel case. (camelcase)" source="eslint.rules.camelcase" /><error line="38" column="45" severity="warning" message="Unexpected any. Specify a different type. (@typescript-eslint/no-explicit-any)" source="eslint.rules.@typescript-eslint/no-explicit-any" /><error line="39" column="21" severity="warning" message="Unexpected any. Specify a different type. (@typescript-eslint/no-explicit-any)" source="eslint.rules.@typescript-eslint/no-explicit-any" /><error line="42" column="43" severity="warning" message="Unexpected any. Specify a different type. (@typescript-eslint/no-explicit-any)" source="eslint.rules.@typescript-eslint/no-explicit-any" /><error line="43" column="21" severity="warning" message="Unexpected any. Specify a different type. (@typescript-eslint/no-explicit-any)" source="eslint.rules.@typescript-eslint/no-explicit-any" /></file><file name="C:\Users\David\Desktop\ESPOL\8vo semestre\Ing Soft\proyecto\app\TarifansApp\hooks\useCachedResources.ts"><error line="18" column="25" severity="error" message="Unexpected require(). (global-require)" source="eslint.rules.global-require" /><error line="22" column="9" severity="warning" message="Unexpected console statement. (no-console)" source="eslint.rules.no-console" /></file><file name="C:\Users\David\Desktop\ESPOL\8vo semestre\Ing Soft\proyecto\app\TarifansApp\hooks\useColorScheme.ts"></file><file name="C:\Users\David\Desktop\ESPOL\8vo semestre\Ing Soft\proyecto\app\TarifansApp\navigation\LinkingConfiguration.ts"></file><file name="C:\Users\David\Desktop\ESPOL\8vo semestre\Ing Soft\proyecto\app\TarifansApp\navigation\index.tsx"><error line="15" column="27" severity="warning" message="&apos;Pressable&apos; is defined but never used. (@typescript-eslint/no-unused-vars)" source="eslint.rules.@typescript-eslint/no-unused-vars" /><error line="17" column="8" severity="warning" message="&apos;Colors&apos; is defined but never used. (@typescript-eslint/no-unused-vars)" source="eslint.rules.@typescript-eslint/no-unused-vars" /><error line="18" column="8" severity="warning" message="&apos;useColorScheme&apos; is defined but never used. (@typescript-eslint/no-unused-vars)" source="eslint.rules.@typescript-eslint/no-unused-vars" /><error line="19" column="8" severity="warning" message="&apos;ModalScreen&apos; is defined but never used. (@typescript-eslint/no-unused-vars)" source="eslint.rules.@typescript-eslint/no-unused-vars" /><error line="21" column="8" severity="warning" message="&apos;TabOneScreen&apos; is defined but never used. (@typescript-eslint/no-unused-vars)" source="eslint.rules.@typescript-eslint/no-unused-vars" /><error line="22" column="8" severity="warning" message="&apos;TabTwoScreen&apos; is defined but never used. (@typescript-eslint/no-unused-vars)" source="eslint.rules.@typescript-eslint/no-unused-vars" /><error line="38" column="3" severity="warning" message="&apos;RootStackParamList&apos; is defined but never used. (@typescript-eslint/no-unused-vars)" source="eslint.rules.@typescript-eslint/no-unused-vars" /><error line="39" column="3" severity="warning" message="&apos;RootTabParamList&apos; is defined but never used. (@typescript-eslint/no-unused-vars)" source="eslint.rules.@typescript-eslint/no-unused-vars" /><error line="40" column="3" severity="warning" message="&apos;RootTabScreenProps&apos; is defined but never used. (@typescript-eslint/no-unused-vars)" source="eslint.rules.@typescript-eslint/no-unused-vars" /><error line="55" column="8" severity="error" message="&apos;RootNavigator&apos; was used before it was defined. (@typescript-eslint/no-use-before-define)" source="eslint.rules.@typescript-eslint/no-use-before-define" /><error line="97" column="23" severity="error" message="Declare this component outside parent component &quot;HomeTabs&quot; or memoize it. If you want to allow component creation in props, set allowAsProps option to true. (react/no-unstable-nested-components)" source="eslint.rules.react/no-unstable-nested-components" /><error line="107" column="23" severity="error" message="Declare this component outside parent component &quot;HomeTabs&quot; or memoize it. If you want to allow component creation in props, set allowAsProps option to true. (react/no-unstable-nested-components)" source="eslint.rules.react/no-unstable-nested-components" /><error line="107" column="33" severity="warning" message="&apos;size&apos; is defined but never used. (@typescript-eslint/no-unused-vars)" source="eslint.rules.@typescript-eslint/no-unused-vars" /><error line="117" column="23" severity="error" message="Declare this component outside parent component &quot;HomeTabs&quot; or memoize it. If you want to allow component creation in props, set allowAsProps option to true. (react/no-unstable-nested-components)" source="eslint.rules.react/no-unstable-nested-components" /><error line="117" column="33" severity="warning" message="&apos;size&apos; is defined but never used. (@typescript-eslint/no-unused-vars)" source="eslint.rules.@typescript-eslint/no-unused-vars" /><error line="127" column="23" severity="error" message="Declare this component outside parent component &quot;HomeTabs&quot; or memoize it. If you want to allow component creation in props, set allowAsProps option to true. (react/no-unstable-nested-components)" source="eslint.rules.react/no-unstable-nested-components" /><error line="127" column="33" severity="warning" message="&apos;size&apos; is defined but never used. (@typescript-eslint/no-unused-vars)" source="eslint.rules.@typescript-eslint/no-unused-vars" /></file><file name="C:\Users\David\Desktop\ESPOL\8vo semestre\Ing Soft\proyecto\app\TarifansApp\redux\AuthToken.ts"><error line="3" column="21" severity="warning" message="Unexpected any. Specify a different type. (@typescript-eslint/no-explicit-any)" source="eslint.rules.@typescript-eslint/no-explicit-any" /><error line="5" column="27" severity="error" message="Default parameters should be last. (default-param-last)" source="eslint.rules.default-param-last" /><error line="5" column="57" severity="warning" message="Unexpected any. Specify a different type. (@typescript-eslint/no-explicit-any)" source="eslint.rules.@typescript-eslint/no-explicit-any" /><error line="6" column="3" severity="error" message="Expected a default case. (default-case)" source="eslint.rules.default-case" /></file><file name="C:\Users\David\Desktop\ESPOL\8vo semestre\Ing Soft\proyecto\app\TarifansApp\redux\store.ts"></file><file name="C:\Users\David\Desktop\ESPOL\8vo semestre\Ing Soft\proyecto\app\TarifansApp\screens\ChangePasswordScreen.tsx"><error line="6" column="3" severity="warning" message="&apos;Pressable&apos; is defined but never used. (@typescript-eslint/no-unused-vars)" source="eslint.rules.@typescript-eslint/no-unused-vars" /><error line="7" column="3" severity="warning" message="&apos;Image&apos; is defined but never used. (@typescript-eslint/no-unused-vars)" source="eslint.rules.@typescript-eslint/no-unused-vars" /><error line="12" column="10" severity="warning" message="&apos;LinearGradient&apos; is defined but never used. (@typescript-eslint/no-unused-vars)" source="eslint.rules.@typescript-eslint/no-unused-vars" /><error line="13" column="20" severity="error" message="Identifier &apos;Rosario_400Regular&apos; is not in camel case. (camelcase)" source="eslint.rules.camelcase" /><error line="94" column="47" severity="warning" message="Unexpected any. Specify a different type. (@typescript-eslint/no-explicit-any)" source="eslint.rules.@typescript-eslint/no-explicit-any" /><error line="95" column="10" severity="warning" message="&apos;email&apos; is assigned a value but never used. (@typescript-eslint/no-unused-vars)" source="eslint.rules.@typescript-eslint/no-unused-vars" /><error line="96" column="10" severity="warning" message="&apos;newpass&apos; is assigned a value but never used. (@typescript-eslint/no-unused-vars)" source="eslint.rules.@typescript-eslint/no-unused-vars" /><error line="97" column="10" severity="warning" message="&apos;newpassConf&apos; is assigned a value but never used. (@typescript-eslint/no-unused-vars)" source="eslint.rules.@typescript-eslint/no-unused-vars" /><error line="100" column="24" severity="warning" message="&apos;setChangeStatus&apos; is assigned a value but never used. (@typescript-eslint/no-unused-vars)" source="eslint.rules.@typescript-eslint/no-unused-vars" /><error line="104" column="10" severity="warning" message="&apos;fontsLoaded&apos; is assigned a value but never used. (@typescript-eslint/no-unused-vars)" source="eslint.rules.@typescript-eslint/no-unused-vars" /><error line="104" column="36" severity="error" message="Identifier &apos;Rosario_400Regular&apos; is not in camel case. (camelcase)" source="eslint.rules.camelcase" /></file><file name="C:\Users\David\Desktop\ESPOL\8vo semestre\Ing Soft\proyecto\app\TarifansApp\screens\CreateCateScreen.tsx"><error line="69" column="29" severity="warning" message="&apos;route&apos; is defined but never used. (@typescript-eslint/no-unused-vars)" source="eslint.rules.@typescript-eslint/no-unused-vars" /><error line="69" column="36" severity="warning" message="&apos;navigation&apos; is defined but never used. (@typescript-eslint/no-unused-vars)" source="eslint.rules.@typescript-eslint/no-unused-vars" /><error line="69" column="50" severity="warning" message="Unexpected any. Specify a different type. (@typescript-eslint/no-explicit-any)" source="eslint.rules.@typescript-eslint/no-explicit-any" /><error line="72" column="10" severity="warning" message="&apos;name&apos; is assigned a value but never used. (@typescript-eslint/no-unused-vars)" source="eslint.rules.@typescript-eslint/no-unused-vars" /><error line="73" column="10" severity="warning" message="&apos;description&apos; is assigned a value but never used. (@typescript-eslint/no-unused-vars)" source="eslint.rules.@typescript-eslint/no-unused-vars" /><error line="76" column="10" severity="warning" message="&apos;price&apos; is assigned a value but never used. (@typescript-eslint/no-unused-vars)" source="eslint.rules.@typescript-eslint/no-unused-vars" /></file><file name="C:\Users\David\Desktop\ESPOL\8vo semestre\Ing Soft\proyecto\app\TarifansApp\screens\CreatePost.tsx"><error line="16" column="8" severity="warning" message="&apos;Multiselector&apos; is defined but never used. (@typescript-eslint/no-unused-vars)" source="eslint.rules.@typescript-eslint/no-unused-vars" /><error line="136" column="29" severity="warning" message="&apos;route&apos; is defined but never used. (@typescript-eslint/no-unused-vars)" source="eslint.rules.@typescript-eslint/no-unused-vars" /><error line="136" column="50" severity="warning" message="Unexpected any. Specify a different type. (@typescript-eslint/no-explicit-any)" source="eslint.rules.@typescript-eslint/no-explicit-any" /><error line="190" column="45" severity="warning" message="Unexpected any. Specify a different type. (@typescript-eslint/no-explicit-any)" source="eslint.rules.@typescript-eslint/no-explicit-any" /><error line="206" column="52" severity="warning" message="Unexpected any. Specify a different type. (@typescript-eslint/no-explicit-any)" source="eslint.rules.@typescript-eslint/no-explicit-any" /><error line="208" column="59" severity="error" message="Do not use Array index in keys (react/no-array-index-key)" source="eslint.rules.react/no-array-index-key" /></file><file name="C:\Users\David\Desktop\ESPOL\8vo semestre\Ing Soft\proyecto\app\TarifansApp\screens\EditProfileScreen.tsx"><error line="34" column="7" severity="warning" message="&apos;deviceHeight&apos; is assigned a value but never used. (@typescript-eslint/no-unused-vars)" source="eslint.rules.@typescript-eslint/no-unused-vars" /><error line="116" column="29" severity="warning" message="&apos;route&apos; is defined but never used. (@typescript-eslint/no-unused-vars)" source="eslint.rules.@typescript-eslint/no-unused-vars" /><error line="116" column="36" severity="warning" message="&apos;navigation&apos; is defined but never used. (@typescript-eslint/no-unused-vars)" source="eslint.rules.@typescript-eslint/no-unused-vars" /><error line="116" column="50" severity="warning" message="Unexpected any. Specify a different type. (@typescript-eslint/no-explicit-any)" source="eslint.rules.@typescript-eslint/no-explicit-any" /><error line="119" column="10" severity="warning" message="&apos;name&apos; is assigned a value but never used. (@typescript-eslint/no-unused-vars)" source="eslint.rules.@typescript-eslint/no-unused-vars" /><error line="120" column="10" severity="warning" message="&apos;description&apos; is assigned a value but never used. (@typescript-eslint/no-unused-vars)" source="eslint.rules.@typescript-eslint/no-unused-vars" /><error line="120" column="23" severity="warning" message="&apos;onChangeDescription&apos; is assigned a value but never used. (@typescript-eslint/no-unused-vars)" source="eslint.rules.@typescript-eslint/no-unused-vars" /><error line="123" column="10" severity="warning" message="&apos;price&apos; is assigned a value but never used. (@typescript-eslint/no-unused-vars)" source="eslint.rules.@typescript-eslint/no-unused-vars" /><error line="123" column="17" severity="warning" message="&apos;onChangePrice&apos; is assigned a value but never used. (@typescript-eslint/no-unused-vars)" source="eslint.rules.@typescript-eslint/no-unused-vars" /><error line="125" column="9" severity="warning" message="&apos;titulo&apos; is assigned a value but never used. (@typescript-eslint/no-unused-vars)" source="eslint.rules.@typescript-eslint/no-unused-vars" /><error line="137" column="23" severity="error" message="Unexpected require(). (global-require)" source="eslint.rules.global-require" /></file><file name="C:\Users\David\Desktop\ESPOL\8vo semestre\Ing Soft\proyecto\app\TarifansApp\screens\GalleryScreen.tsx"><error line="123" column="26" severity="warning" message="&apos;route&apos; is defined but never used. (@typescript-eslint/no-unused-vars)" source="eslint.rules.@typescript-eslint/no-unused-vars" /><error line="123" column="33" severity="warning" message="&apos;navigation&apos; is defined but never used. (@typescript-eslint/no-unused-vars)" source="eslint.rules.@typescript-eslint/no-unused-vars" /><error line="123" column="47" severity="warning" message="Unexpected any. Specify a different type. (@typescript-eslint/no-explicit-any)" source="eslint.rules.@typescript-eslint/no-explicit-any" /><error line="126" column="15" severity="warning" message="&apos;setUrl&apos; is assigned a value but never used. (@typescript-eslint/no-unused-vars)" source="eslint.rules.@typescript-eslint/no-unused-vars" /><error line="133" column="5" severity="error" message="&apos;url&apos; is already declared in the upper scope. (@typescript-eslint/no-shadow)" source="eslint.rules.@typescript-eslint/no-shadow" /><error line="136" column="5" severity="error" message="Expected an assignment or function call and instead saw an expression. (no-unused-expressions)" source="eslint.rules.no-unused-expressions" /><error line="136" column="24" severity="error" message="Unexpected use of comma operator. (no-sequences)" source="eslint.rules.no-sequences" /><error line="139" column="27" severity="error" message="&apos;url&apos; is already declared in the upper scope. (@typescript-eslint/no-shadow)" source="eslint.rules.@typescript-eslint/no-shadow" /><error line="177" column="24" severity="error" message="&apos;ref&apos; is already declared in the upper scope. (@typescript-eslint/no-shadow)" source="eslint.rules.@typescript-eslint/no-shadow" /><error line="193" column="29" severity="error" message="Expected an assignment or function call and instead saw an expression. (no-unused-expressions)" source="eslint.rules.no-unused-expressions" /><error line="193" column="49" severity="error" message="Unexpected use of comma operator. (no-sequences)" source="eslint.rules.no-sequences" /><error line="287" column="27" severity="warning" message="Unexpected any. Specify a different type. (@typescript-eslint/no-explicit-any)" source="eslint.rules.@typescript-eslint/no-explicit-any" /><error line="287" column="39" severity="warning" message="Unexpected any. Specify a different type. (@typescript-eslint/no-explicit-any)" source="eslint.rules.@typescript-eslint/no-explicit-any" /><error line="288" column="24" severity="error" message="Do not use Array index in keys (react/no-array-index-key)" source="eslint.rules.react/no-array-index-key" /></file><file name="C:\Users\David\Desktop\ESPOL\8vo semestre\Ing Soft\proyecto\app\TarifansApp\screens\HomeScreen.tsx"><error line="1" column="17" severity="warning" message="&apos;useState&apos; is defined but never used. (@typescript-eslint/no-unused-vars)" source="eslint.rules.@typescript-eslint/no-unused-vars" /><error line="3" column="10" severity="warning" message="&apos;Text&apos; is defined but never used. (@typescript-eslint/no-unused-vars)" source="eslint.rules.@typescript-eslint/no-unused-vars" /><error line="3" column="16" severity="warning" message="&apos;View&apos; is defined but never used. (@typescript-eslint/no-unused-vars)" source="eslint.rules.@typescript-eslint/no-unused-vars" /><error line="9" column="15" severity="error" message="Unexpected require(). (global-require)" source="eslint.rules.global-require" /><error line="23" column="15" severity="error" message="Unexpected require(). (global-require)" source="eslint.rules.global-require" /><error line="52" column="34" severity="error" message="Do not use Array index in keys (react/no-array-index-key)" source="eslint.rules.react/no-array-index-key" /></file><file name="C:\Users\David\Desktop\ESPOL\8vo semestre\Ing Soft\proyecto\app\TarifansApp\screens\LoginScreen.tsx"><error line="6" column="3" severity="warning" message="&apos;Alert&apos; is defined but never used. (@typescript-eslint/no-unused-vars)" source="eslint.rules.@typescript-eslint/no-unused-vars" /><error line="8" column="3" severity="warning" message="&apos;Platform&apos; is defined but never used. (@typescript-eslint/no-unused-vars)" source="eslint.rules.@typescript-eslint/no-unused-vars" /><error line="11" column="3" severity="warning" message="&apos;TouchableHighlight&apos; is defined but never used. (@typescript-eslint/no-unused-vars)" source="eslint.rules.@typescript-eslint/no-unused-vars" /><error line="202" column="38" severity="warning" message="Unexpected any. Specify a different type. (@typescript-eslint/no-explicit-any)" source="eslint.rules.@typescript-eslint/no-explicit-any" /><error line="203" column="9" severity="warning" message="&apos;route&apos; is assigned a value but never used. (@typescript-eslint/no-unused-vars)" source="eslint.rules.@typescript-eslint/no-unused-vars" /><error line="207" column="21" severity="error" message="Unexpected require(). (global-require)" source="eslint.rules.global-require" /><error line="210" column="30" severity="warning" message="Unexpected any. Specify a different type. (@typescript-eslint/no-explicit-any)" source="eslint.rules.@typescript-eslint/no-explicit-any" /><error line="229" column="23" severity="error" message="Unexpected require(). (global-require)" source="eslint.rules.global-require" /><error line="233" column="23" severity="error" message="Unexpected require(). (global-require)" source="eslint.rules.global-require" /><error line="246" column="25" severity="error" message="Unexpected require(). (global-require)" source="eslint.rules.global-require" /><error line="258" column="25" severity="error" message="Unexpected require(). (global-require)" source="eslint.rules.global-require" /><error line="270" column="16" severity="error" message="&apos;Button&apos; was used before it was defined. (@typescript-eslint/no-use-before-define)" source="eslint.rules.@typescript-eslint/no-use-before-define" /><error line="282" column="37" severity="warning" message="Unexpected console statement. (no-console)" source="eslint.rules.no-console" /><error line="311" column="23" severity="error" message="Unexpected require(). (global-require)" source="eslint.rules.global-require" /><error line="316" column="25" severity="error" message="Unexpected require(). (global-require)" source="eslint.rules.global-require" /><error line="328" column="25" severity="error" message="Unexpected require(). (global-require)" source="eslint.rules.global-require" /><error line="345" column="12" severity="warning" message="Unexpected any. Specify a different type. (@typescript-eslint/no-explicit-any)" source="eslint.rules.@typescript-eslint/no-explicit-any" /><error line="347" column="17" severity="warning" message="Unexpected any. Specify a different type. (@typescript-eslint/no-explicit-any)" source="eslint.rules.@typescript-eslint/no-explicit-any" /><error line="348" column="15" severity="warning" message="Unexpected any. Specify a different type. (@typescript-eslint/no-explicit-any)" source="eslint.rules.@typescript-eslint/no-explicit-any" /><error line="350" column="36" severity="error" message="Identifier &apos;style_button&apos; is not in camel case. (camelcase)" source="eslint.rules.camelcase" /><error line="350" column="50" severity="error" message="Identifier &apos;style_text&apos; is not in camel case. (camelcase)" source="eslint.rules.camelcase" /><error line="352" column="23" severity="error" message="Identifier &apos;style_button&apos; is not in camel case. (camelcase)" source="eslint.rules.camelcase" /><error line="353" column="20" severity="error" message="Identifier &apos;style_text&apos; is not in camel case. (camelcase)" source="eslint.rules.camelcase" /></file><file name="C:\Users\David\Desktop\ESPOL\8vo semestre\Ing Soft\proyecto\app\TarifansApp\screens\ModalScreen.tsx"><error line="26" column="5" severity="error" message="&apos;React&apos; must be in scope when using JSX (react/react-in-jsx-scope)" source="eslint.rules.react/react-in-jsx-scope" /><error line="27" column="7" severity="error" message="&apos;React&apos; must be in scope when using JSX (react/react-in-jsx-scope)" source="eslint.rules.react/react-in-jsx-scope" /><error line="28" column="7" severity="error" message="&apos;React&apos; must be in scope when using JSX (react/react-in-jsx-scope)" source="eslint.rules.react/react-in-jsx-scope" /><error line="33" column="7" severity="error" message="&apos;React&apos; must be in scope when using JSX (react/react-in-jsx-scope)" source="eslint.rules.react/react-in-jsx-scope" /><error line="36" column="7" severity="error" message="&apos;React&apos; must be in scope when using JSX (react/react-in-jsx-scope)" source="eslint.rules.react/react-in-jsx-scope" /></file><file name="C:\Users\David\Desktop\ESPOL\8vo semestre\Ing Soft\proyecto\app\TarifansApp\screens\MyProfileScreen.tsx"><error line="1" column="17" severity="warning" message="&apos;useState&apos; is defined but never used. (@typescript-eslint/no-unused-vars)" source="eslint.rules.@typescript-eslint/no-unused-vars" /><error line="7" column="3" severity="warning" message="&apos;ImageBackground&apos; is defined but never used. (@typescript-eslint/no-unused-vars)" source="eslint.rules.@typescript-eslint/no-unused-vars" /><error line="8" column="3" severity="warning" message="&apos;TouchableOpacity&apos; is defined but never used. (@typescript-eslint/no-unused-vars)" source="eslint.rules.@typescript-eslint/no-unused-vars" /><error line="12" column="8" severity="warning" message="&apos;Swiper&apos; is defined but never used. (@typescript-eslint/no-unused-vars)" source="eslint.rules.@typescript-eslint/no-unused-vars" /><error line="16" column="8" severity="warning" message="&apos;CarouselCards&apos; is defined but never used. (@typescript-eslint/no-unused-vars)" source="eslint.rules.@typescript-eslint/no-unused-vars" /><error line="37" column="7" severity="warning" message="&apos;deviceHeight&apos; is assigned a value but never used. (@typescript-eslint/no-unused-vars)" source="eslint.rules.@typescript-eslint/no-unused-vars" /><error line="157" column="7" severity="warning" message="&apos;data&apos; is assigned a value but never used. (@typescript-eslint/no-unused-vars)" source="eslint.rules.@typescript-eslint/no-unused-vars" /><error line="203" column="26" severity="warning" message="&apos;route&apos; is defined but never used. (@typescript-eslint/no-unused-vars)" source="eslint.rules.@typescript-eslint/no-unused-vars" /><error line="203" column="47" severity="warning" message="Unexpected any. Specify a different type. (@typescript-eslint/no-explicit-any)" source="eslint.rules.@typescript-eslint/no-explicit-any" /><error line="214" column="23" severity="error" message="Unexpected require(). (global-require)" source="eslint.rules.global-require" /></file><file name="C:\Users\David\Desktop\ESPOL\8vo semestre\Ing Soft\proyecto\app\TarifansApp\screens\NotFoundScreen.tsx"><error line="31" column="5" severity="error" message="&apos;React&apos; must be in scope when using JSX (react/react-in-jsx-scope)" source="eslint.rules.react/react-in-jsx-scope" /><error line="32" column="7" severity="error" message="&apos;React&apos; must be in scope when using JSX (react/react-in-jsx-scope)" source="eslint.rules.react/react-in-jsx-scope" /><error line="32" column="51" severity="error" message="`&apos;` can be escaped with `&amp;apos;`, `&amp;lsquo;`, `&amp;#39;`, `&amp;rsquo;`. (react/no-unescaped-entities)" source="eslint.rules.react/no-unescaped-entities" /><error line="33" column="7" severity="error" message="&apos;React&apos; must be in scope when using JSX (react/react-in-jsx-scope)" source="eslint.rules.react/react-in-jsx-scope" /><error line="37" column="9" severity="error" message="&apos;React&apos; must be in scope when using JSX (react/react-in-jsx-scope)" source="eslint.rules.react/react-in-jsx-scope" /></file><file name="C:\Users\David\Desktop\ESPOL\8vo semestre\Ing Soft\proyecto\app\TarifansApp\screens\PaginaInicio.tsx"><error line="5" column="3" severity="warning" message="&apos;TextInput&apos; is defined but never used. (@typescript-eslint/no-unused-vars)" source="eslint.rules.@typescript-eslint/no-unused-vars" /><error line="6" column="3" severity="warning" message="&apos;Alert&apos; is defined but never used. (@typescript-eslint/no-unused-vars)" source="eslint.rules.@typescript-eslint/no-unused-vars" /><error line="8" column="3" severity="warning" message="&apos;Platform&apos; is defined but never used. (@typescript-eslint/no-unused-vars)" source="eslint.rules.@typescript-eslint/no-unused-vars" /><error line="14" column="10" severity="warning" message="&apos;NavigationContainer&apos; is defined but never used. (@typescript-eslint/no-unused-vars)" source="eslint.rules.@typescript-eslint/no-unused-vars" /><error line="15" column="10" severity="warning" message="&apos;createNativeStackNavigator&apos; is defined but never used. (@typescript-eslint/no-unused-vars)" source="eslint.rules.@typescript-eslint/no-unused-vars" /><error line="21" column="10" severity="warning" message="&apos;login&apos; is defined but never used. (@typescript-eslint/no-unused-vars)" source="eslint.rules.@typescript-eslint/no-unused-vars" /><error line="171" column="38" severity="warning" message="Unexpected any. Specify a different type. (@typescript-eslint/no-explicit-any)" source="eslint.rules.@typescript-eslint/no-explicit-any" /><error line="172" column="9" severity="warning" message="&apos;route&apos; is assigned a value but never used. (@typescript-eslint/no-unused-vars)" source="eslint.rules.@typescript-eslint/no-unused-vars" /><error line="173" column="10" severity="warning" message="&apos;user&apos; is assigned a value but never used. (@typescript-eslint/no-unused-vars)" source="eslint.rules.@typescript-eslint/no-unused-vars" /><error line="173" column="16" severity="warning" message="&apos;onChangeUser&apos; is assigned a value but never used. (@typescript-eslint/no-unused-vars)" source="eslint.rules.@typescript-eslint/no-unused-vars" /><error line="174" column="10" severity="warning" message="&apos;pass&apos; is assigned a value but never used. (@typescript-eslint/no-unused-vars)" source="eslint.rules.@typescript-eslint/no-unused-vars" /><error line="174" column="16" severity="warning" message="&apos;onChangePass&apos; is assigned a value but never used. (@typescript-eslint/no-unused-vars)" source="eslint.rules.@typescript-eslint/no-unused-vars" /><error line="176" column="21" severity="error" message="Unexpected require(). (global-require)" source="eslint.rules.global-require" /><error line="179" column="9" severity="warning" message="&apos;changeToken&apos; is assigned a value but never used. (@typescript-eslint/no-unused-vars)" source="eslint.rules.@typescript-eslint/no-unused-vars" /><error line="179" column="30" severity="warning" message="Unexpected any. Specify a different type. (@typescript-eslint/no-explicit-any)" source="eslint.rules.@typescript-eslint/no-explicit-any" /><error line="197" column="19" severity="error" message="Unexpected require(). (global-require)" source="eslint.rules.global-require" /><error line="201" column="19" severity="error" message="Unexpected require(). (global-require)" source="eslint.rules.global-require" /><error line="205" column="12" severity="error" message="&apos;Button&apos; was used before it was defined. (@typescript-eslint/no-use-before-define)" source="eslint.rules.@typescript-eslint/no-use-before-define" /><error line="211" column="12" severity="error" message="&apos;Button&apos; was used before it was defined. (@typescript-eslint/no-use-before-define)" source="eslint.rules.@typescript-eslint/no-use-before-define" /><error line="224" column="12" severity="warning" message="Unexpected any. Specify a different type. (@typescript-eslint/no-explicit-any)" source="eslint.rules.@typescript-eslint/no-explicit-any" /><error line="226" column="17" severity="warning" message="Unexpected any. Specify a different type. (@typescript-eslint/no-explicit-any)" source="eslint.rules.@typescript-eslint/no-explicit-any" /><error line="227" column="15" severity="warning" message="Unexpected any. Specify a different type. (@typescript-eslint/no-explicit-any)" source="eslint.rules.@typescript-eslint/no-explicit-any" /><error line="229" column="36" severity="error" message="Identifier &apos;style_button&apos; is not in camel case. (camelcase)" source="eslint.rules.camelcase" /><error line="229" column="50" severity="error" message="Identifier &apos;style_text&apos; is not in camel case. (camelcase)" source="eslint.rules.camelcase" /><error line="231" column="23" severity="error" message="Identifier &apos;style_button&apos; is not in camel case. (camelcase)" source="eslint.rules.camelcase" /><error line="232" column="20" severity="error" message="Identifier &apos;style_text&apos; is not in camel case. (camelcase)" source="eslint.rules.camelcase" /></file><file name="C:\Users\David\Desktop\ESPOL\8vo semestre\Ing Soft\proyecto\app\TarifansApp\screens\ProfileScreen.tsx"><error line="1" column="17" severity="warning" message="&apos;useState&apos; is defined but never used. (@typescript-eslint/no-unused-vars)" source="eslint.rules.@typescript-eslint/no-unused-vars" /><error line="7" column="3" severity="warning" message="&apos;ImageBackground&apos; is defined but never used. (@typescript-eslint/no-unused-vars)" source="eslint.rules.@typescript-eslint/no-unused-vars" /><error line="8" column="3" severity="warning" message="&apos;TouchableOpacity&apos; is defined but never used. (@typescript-eslint/no-unused-vars)" source="eslint.rules.@typescript-eslint/no-unused-vars" /><error line="12" column="8" severity="warning" message="&apos;Swiper&apos; is defined but never used. (@typescript-eslint/no-unused-vars)" source="eslint.rules.@typescript-eslint/no-unused-vars" /><error line="16" column="8" severity="warning" message="&apos;CarouselCards&apos; is defined but never used. (@typescript-eslint/no-unused-vars)" source="eslint.rules.@typescript-eslint/no-unused-vars" /><error line="37" column="7" severity="warning" message="&apos;deviceHeight&apos; is assigned a value but never used. (@typescript-eslint/no-unused-vars)" source="eslint.rules.@typescript-eslint/no-unused-vars" /><error line="137" column="7" severity="warning" message="&apos;data&apos; is assigned a value but never used. (@typescript-eslint/no-unused-vars)" source="eslint.rules.@typescript-eslint/no-unused-vars" /><error line="183" column="26" severity="warning" message="&apos;route&apos; is defined but never used. (@typescript-eslint/no-unused-vars)" source="eslint.rules.@typescript-eslint/no-unused-vars" /><error line="183" column="47" severity="warning" message="Unexpected any. Specify a different type. (@typescript-eslint/no-explicit-any)" source="eslint.rules.@typescript-eslint/no-explicit-any" /><error line="194" column="23" severity="error" message="Unexpected require(). (global-require)" source="eslint.rules.global-require" /></file><file name="C:\Users\David\Desktop\ESPOL\8vo semestre\Ing Soft\proyecto\app\TarifansApp\screens\RegisterScreen.tsx"><error line="13" column="20" severity="error" message="Identifier &apos;Rosario_400Regular&apos; is not in camel case. (camelcase)" source="eslint.rules.camelcase" /><error line="123" column="41" severity="warning" message="Unexpected any. Specify a different type. (@typescript-eslint/no-explicit-any)" source="eslint.rules.@typescript-eslint/no-explicit-any" /><error line="129" column="10" severity="warning" message="&apos;show&apos; is assigned a value but never used. (@typescript-eslint/no-unused-vars)" source="eslint.rules.@typescript-eslint/no-unused-vars" /><error line="130" column="9" severity="warning" message="&apos;onDateChange&apos; is assigned a value but never used. (@typescript-eslint/no-unused-vars)" source="eslint.rules.@typescript-eslint/no-unused-vars" /><error line="130" column="32" severity="warning" message="Unexpected any. Specify a different type. (@typescript-eslint/no-explicit-any)" source="eslint.rules.@typescript-eslint/no-explicit-any" /><error line="130" column="51" severity="warning" message="Unexpected any. Specify a different type. (@typescript-eslint/no-explicit-any)" source="eslint.rules.@typescript-eslint/no-explicit-any" /><error line="136" column="9" severity="warning" message="&apos;imageHeight&apos; is assigned a value but never used. (@typescript-eslint/no-unused-vars)" source="eslint.rules.@typescript-eslint/no-unused-vars" /><error line="137" column="9" severity="warning" message="&apos;imageWidth&apos; is assigned a value but never used. (@typescript-eslint/no-unused-vars)" source="eslint.rules.@typescript-eslint/no-unused-vars" /><error line="138" column="10" severity="warning" message="&apos;text1&apos; is assigned a value but never used. (@typescript-eslint/no-unused-vars)" source="eslint.rules.@typescript-eslint/no-unused-vars" /><error line="138" column="17" severity="warning" message="&apos;onChangeNumber&apos; is assigned a value but never used. (@typescript-eslint/no-unused-vars)" source="eslint.rules.@typescript-eslint/no-unused-vars" /><error line="139" column="10" severity="warning" message="&apos;modalVisible&apos; is assigned a value but never used. (@typescript-eslint/no-unused-vars)" source="eslint.rules.@typescript-eslint/no-unused-vars" /><error line="139" column="24" severity="warning" message="&apos;setModalVisible&apos; is assigned a value but never used. (@typescript-eslint/no-unused-vars)" source="eslint.rules.@typescript-eslint/no-unused-vars" /><error line="140" column="10" severity="warning" message="&apos;fontsLoaded&apos; is assigned a value but never used. (@typescript-eslint/no-unused-vars)" source="eslint.rules.@typescript-eslint/no-unused-vars" /><error line="140" column="36" severity="error" message="Identifier &apos;Rosario_400Regular&apos; is not in camel case. (camelcase)" source="eslint.rules.camelcase" /><error line="154" column="23" severity="error" message="Unexpected require(). (global-require)" source="eslint.rules.global-require" /><error line="166" column="23" severity="error" message="Unexpected require(). (global-require)" source="eslint.rules.global-require" /><error line="178" column="23" severity="error" message="Unexpected require(). (global-require)" source="eslint.rules.global-require" /><error line="191" column="23" severity="error" message="Unexpected require(). (global-require)" source="eslint.rules.global-require" /><error line="206" column="23" severity="error" message="Unexpected require(). (global-require)" source="eslint.rules.global-require" /><error line="220" column="44" severity="error" message="Unexpected use of &apos;isNaN&apos;. Use Number.isNaN instead https://github.com/airbnb/javascript#standard-library--isnan (no-restricted-globals)" source="eslint.rules.no-restricted-globals" /><error line="220" column="56" severity="warning" message="Unexpected any. Specify a different type. (@typescript-eslint/no-explicit-any)" source="eslint.rules.@typescript-eslint/no-explicit-any" /><error line="223" column="45" severity="error" message="Unexpected use of &apos;isNaN&apos;. Use Number.isNaN instead https://github.com/airbnb/javascript#standard-library--isnan (no-restricted-globals)" source="eslint.rules.no-restricted-globals" /><error line="223" column="58" severity="warning" message="Unexpected any. Specify a different type. (@typescript-eslint/no-explicit-any)" source="eslint.rules.@typescript-eslint/no-explicit-any" /><error line="246" column="19" severity="warning" message="Unexpected console statement. (no-console)" source="eslint.rules.no-console" /><error line="270" column="10" severity="warning" message="&apos;Button&apos; is defined but never used. (@typescript-eslint/no-unused-vars)" source="eslint.rules.@typescript-eslint/no-unused-vars" /><error line="271" column="12" severity="warning" message="Unexpected any. Specify a different type. (@typescript-eslint/no-explicit-any)" source="eslint.rules.@typescript-eslint/no-explicit-any" /><error line="273" column="17" severity="warning" message="Unexpected any. Specify a different type. (@typescript-eslint/no-explicit-any)" source="eslint.rules.@typescript-eslint/no-explicit-any" /><error line="274" column="15" severity="warning" message="Unexpected any. Specify a different type. (@typescript-eslint/no-explicit-any)" source="eslint.rules.@typescript-eslint/no-explicit-any" /><error line="276" column="36" severity="error" message="Identifier &apos;style_button&apos; is not in camel case. (camelcase)" source="eslint.rules.camelcase" /><error line="276" column="50" severity="error" message="Identifier &apos;style_text&apos; is not in camel case. (camelcase)" source="eslint.rules.camelcase" /><error line="278" column="23" severity="error" message="Identifier &apos;style_button&apos; is not in camel case. (camelcase)" source="eslint.rules.camelcase" /><error line="279" column="20" severity="error" message="Identifier &apos;style_text&apos; is not in camel case. (camelcase)" source="eslint.rules.camelcase" /></file><file name="C:\Users\David\Desktop\ESPOL\8vo semestre\Ing Soft\proyecto\app\TarifansApp\screens\SearchScreen.tsx"><error line="14" column="10" severity="warning" message="&apos;consultarCreadores&apos; is defined but never used. (@typescript-eslint/no-unused-vars)" source="eslint.rules.@typescript-eslint/no-unused-vars" /><error line="16" column="8" severity="warning" message="&apos;Navigation&apos; is defined but never used. (@typescript-eslint/no-unused-vars)" source="eslint.rules.@typescript-eslint/no-unused-vars" /><error line="91" column="39" severity="warning" message="Unexpected any. Specify a different type. (@typescript-eslint/no-explicit-any)" source="eslint.rules.@typescript-eslint/no-explicit-any" /><error line="96" column="10" severity="error" message="&apos;Header&apos; was used before it was defined. (@typescript-eslint/no-use-before-define)" source="eslint.rules.@typescript-eslint/no-use-before-define" /><error line="97" column="10" severity="error" message="&apos;Result&apos; was used before it was defined. (@typescript-eslint/no-use-before-define)" source="eslint.rules.@typescript-eslint/no-use-before-define" /><error line="103" column="33" severity="warning" message="Unexpected any. Specify a different type. (@typescript-eslint/no-explicit-any)" source="eslint.rules.@typescript-eslint/no-explicit-any" /><error line="112" column="19" severity="error" message="Unexpected require(). (global-require)" source="eslint.rules.global-require" /><error line="118" column="19" severity="error" message="Unexpected require(). (global-require)" source="eslint.rules.global-require" /><error line="127" column="31" severity="error" message="Unexpected empty arrow function. (@typescript-eslint/no-empty-function)" source="eslint.rules.@typescript-eslint/no-empty-function" /><error line="136" column="19" severity="error" message="Unexpected require(). (global-require)" source="eslint.rules.global-require" /><error line="143" column="33" severity="warning" message="Unexpected any. Specify a different type. (@typescript-eslint/no-explicit-any)" source="eslint.rules.@typescript-eslint/no-explicit-any" /><error line="144" column="19" severity="warning" message="&apos;setResults&apos; is assigned a value but never used. (@typescript-eslint/no-unused-vars)" source="eslint.rules.@typescript-eslint/no-unused-vars" /><error line="145" column="9" severity="warning" message="&apos;al&apos; is assigned a value but never used. (@typescript-eslint/no-unused-vars)" source="eslint.rules.@typescript-eslint/no-unused-vars" /><error line="150" column="8" severity="error" message="&apos;Presentacion&apos; was used before it was defined. (@typescript-eslint/no-use-before-define)" source="eslint.rules.@typescript-eslint/no-use-before-define" /><error line="155" column="44" severity="warning" message="Unexpected any. Specify a different type. (@typescript-eslint/no-explicit-any)" source="eslint.rules.@typescript-eslint/no-explicit-any" /><error line="158" column="25" severity="warning" message="Unexpected any. Specify a different type. (@typescript-eslint/no-explicit-any)" source="eslint.rules.@typescript-eslint/no-explicit-any" /><error line="158" column="37" severity="warning" message="Unexpected any. Specify a different type. (@typescript-eslint/no-explicit-any)" source="eslint.rules.@typescript-eslint/no-explicit-any" /><error line="165" column="12" severity="error" message="&apos;Perfil&apos; was used before it was defined. (@typescript-eslint/no-use-before-define)" source="eslint.rules.@typescript-eslint/no-use-before-define" /><error line="165" column="40" severity="error" message="Do not use Array index in keys (react/no-array-index-key)" source="eslint.rules.react/no-array-index-key" /><error line="171" column="29" severity="warning" message="Unexpected any. Specify a different type. (@typescript-eslint/no-explicit-any)" source="eslint.rules.@typescript-eslint/no-explicit-any" /></file><file name="C:\Users\David\Desktop\ESPOL\8vo semestre\Ing Soft\proyecto\app\TarifansApp\screens\SelectSuscripcionScreen.tsx"><error line="1" column="27" severity="warning" message="&apos;useEffect&apos; is defined but never used. (@typescript-eslint/no-unused-vars)" source="eslint.rules.@typescript-eslint/no-unused-vars" /><error line="5" column="3" severity="warning" message="&apos;Pressable&apos; is defined but never used. (@typescript-eslint/no-unused-vars)" source="eslint.rules.@typescript-eslint/no-unused-vars" /><error line="11" column="20" severity="error" message="Identifier &apos;Rosario_400Regular&apos; is not in camel case. (camelcase)" source="eslint.rules.camelcase" /><error line="194" column="12" severity="error" message="Unexpected require(). (global-require)" source="eslint.rules.global-require" /><error line="203" column="12" severity="error" message="Unexpected require(). (global-require)" source="eslint.rules.global-require" /><error line="212" column="12" severity="error" message="Unexpected require(). (global-require)" source="eslint.rules.global-require" /><error line="216" column="36" severity="warning" message="&apos;route&apos; is defined but never used. (@typescript-eslint/no-unused-vars)" source="eslint.rules.@typescript-eslint/no-unused-vars" /><error line="216" column="57" severity="warning" message="Unexpected any. Specify a different type. (@typescript-eslint/no-explicit-any)" source="eslint.rules.@typescript-eslint/no-explicit-any" /><error line="218" column="10" severity="warning" message="&apos;fontsLoaded&apos; is assigned a value but never used. (@typescript-eslint/no-unused-vars)" source="eslint.rules.@typescript-eslint/no-unused-vars" /><error line="218" column="36" severity="error" message="Identifier &apos;Rosario_400Regular&apos; is not in camel case. (camelcase)" source="eslint.rules.camelcase" /><error line="227" column="10" severity="error" message="&apos;Suscripciones&apos; was used before it was defined. (@typescript-eslint/no-use-before-define)" source="eslint.rules.@typescript-eslint/no-use-before-define" /><error line="235" column="45" severity="warning" message="Unexpected any. Specify a different type. (@typescript-eslint/no-explicit-any)" source="eslint.rules.@typescript-eslint/no-explicit-any" /><error line="238" column="30" severity="warning" message="Unexpected any. Specify a different type. (@typescript-eslint/no-explicit-any)" source="eslint.rules.@typescript-eslint/no-explicit-any" /><error line="238" column="42" severity="warning" message="Unexpected any. Specify a different type. (@typescript-eslint/no-explicit-any)" source="eslint.rules.@typescript-eslint/no-explicit-any" /><error line="239" column="10" severity="error" message="&apos;SuscData&apos; was used before it was defined. (@typescript-eslint/no-use-before-define)" source="eslint.rules.@typescript-eslint/no-use-before-define" /><error line="241" column="16" severity="error" message="Do not use Array index in keys (react/no-array-index-key)" source="eslint.rules.react/no-array-index-key" /><error line="249" column="48" severity="warning" message="Unexpected any. Specify a different type. (@typescript-eslint/no-explicit-any)" source="eslint.rules.@typescript-eslint/no-explicit-any" /><error line="297" column="19" severity="error" message="Expected an assignment or function call and instead saw an expression. (no-unused-expressions)" source="eslint.rules.no-unused-expressions" /></file><file name="C:\Users\David\Desktop\ESPOL\8vo semestre\Ing Soft\proyecto\app\TarifansApp\screens\SettingsScreen.tsx"><error line="34" column="7" severity="warning" message="&apos;deviceHeight&apos; is assigned a value but never used. (@typescript-eslint/no-unused-vars)" source="eslint.rules.@typescript-eslint/no-unused-vars" /><error line="124" column="29" severity="warning" message="&apos;route&apos; is defined but never used. (@typescript-eslint/no-unused-vars)" source="eslint.rules.@typescript-eslint/no-unused-vars" /><error line="124" column="50" severity="warning" message="Unexpected any. Specify a different type. (@typescript-eslint/no-explicit-any)" source="eslint.rules.@typescript-eslint/no-explicit-any" /><error line="127" column="10" severity="warning" message="&apos;name&apos; is assigned a value but never used. (@typescript-eslint/no-unused-vars)" source="eslint.rules.@typescript-eslint/no-unused-vars" /><error line="128" column="10" severity="warning" message="&apos;description&apos; is assigned a value but never used. (@typescript-eslint/no-unused-vars)" source="eslint.rules.@typescript-eslint/no-unused-vars" /><error line="128" column="23" severity="warning" message="&apos;onChangeDescription&apos; is assigned a value but never used. (@typescript-eslint/no-unused-vars)" source="eslint.rules.@typescript-eslint/no-unused-vars" /><error line="131" column="10" severity="warning" message="&apos;price&apos; is assigned a value but never used. (@typescript-eslint/no-unused-vars)" source="eslint.rules.@typescript-eslint/no-unused-vars" /><error line="131" column="17" severity="warning" message="&apos;onChangePrice&apos; is assigned a value but never used. (@typescript-eslint/no-unused-vars)" source="eslint.rules.@typescript-eslint/no-unused-vars" /><error line="133" column="9" severity="warning" message="&apos;titulo&apos; is assigned a value but never used. (@typescript-eslint/no-unused-vars)" source="eslint.rules.@typescript-eslint/no-unused-vars" /><error line="145" column="23" severity="error" message="Unexpected require(). (global-require)" source="eslint.rules.global-require" /></file><file name="C:\Users\David\Desktop\ESPOL\8vo semestre\Ing Soft\proyecto\app\TarifansApp\screens\TabOneScreen.tsx"><error line="8" column="3" severity="warning" message="&apos;navigation&apos; is defined but never used. (@typescript-eslint/no-unused-vars)" source="eslint.rules.@typescript-eslint/no-unused-vars" /><error line="11" column="5" severity="error" message="&apos;React&apos; must be in scope when using JSX (react/react-in-jsx-scope)" source="eslint.rules.react/react-in-jsx-scope" /><error line="11" column="18" severity="error" message="&apos;styles&apos; was used before it was defined. (@typescript-eslint/no-use-before-define)" source="eslint.rules.@typescript-eslint/no-use-before-define" /><error line="12" column="7" severity="error" message="&apos;React&apos; must be in scope when using JSX (react/react-in-jsx-scope)" source="eslint.rules.react/react-in-jsx-scope" /><error line="12" column="20" severity="error" message="&apos;styles&apos; was used before it was defined. (@typescript-eslint/no-use-before-define)" source="eslint.rules.@typescript-eslint/no-use-before-define" /><error line="13" column="7" severity="error" message="&apos;React&apos; must be in scope when using JSX (react/react-in-jsx-scope)" source="eslint.rules.react/react-in-jsx-scope" /><error line="14" column="16" severity="error" message="&apos;styles&apos; was used before it was defined. (@typescript-eslint/no-use-before-define)" source="eslint.rules.@typescript-eslint/no-use-before-define" /><error line="18" column="7" severity="error" message="&apos;React&apos; must be in scope when using JSX (react/react-in-jsx-scope)" source="eslint.rules.react/react-in-jsx-scope" /></file><file name="C:\Users\David\Desktop\ESPOL\8vo semestre\Ing Soft\proyecto\app\TarifansApp\screens\TabTwoScreen.tsx"><error line="25" column="5" severity="error" message="&apos;React&apos; must be in scope when using JSX (react/react-in-jsx-scope)" source="eslint.rules.react/react-in-jsx-scope" /><error line="26" column="7" severity="error" message="&apos;React&apos; must be in scope when using JSX (react/react-in-jsx-scope)" source="eslint.rules.react/react-in-jsx-scope" /><error line="27" column="7" severity="error" message="&apos;React&apos; must be in scope when using JSX (react/react-in-jsx-scope)" source="eslint.rules.react/react-in-jsx-scope" /><error line="32" column="7" severity="error" message="&apos;React&apos; must be in scope when using JSX (react/react-in-jsx-scope)" source="eslint.rules.react/react-in-jsx-scope" /></file><file name="C:\Users\David\Desktop\ESPOL\8vo semestre\Ing Soft\proyecto\app\TarifansApp\screens\UploadImgScreen.tsx"><error line="218" column="73" severity="warning" message="Unexpected any. Specify a different type. (@typescript-eslint/no-explicit-any)" source="eslint.rules.@typescript-eslint/no-explicit-any" /><error line="222" column="60" severity="warning" message="Unexpected any. Specify a different type. (@typescript-eslint/no-explicit-any)" source="eslint.rules.@typescript-eslint/no-explicit-any" /><error line="225" column="46" severity="warning" message="Unexpected any. Specify a different type. (@typescript-eslint/no-explicit-any)" source="eslint.rules.@typescript-eslint/no-explicit-any" /><error line="241" column="22" severity="error" message="&apos;url&apos; is already declared in the upper scope. (@typescript-eslint/no-shadow)" source="eslint.rules.@typescript-eslint/no-shadow" /><error line="242" column="43" severity="warning" message="Unexpected any. Specify a different type. (@typescript-eslint/no-explicit-any)" source="eslint.rules.@typescript-eslint/no-explicit-any" /><error line="250" column="7" severity="warning" message="Unexpected alert. (no-alert)" source="eslint.rules.no-alert" /><error line="263" column="56" severity="warning" message="Unexpected any. Specify a different type. (@typescript-eslint/no-explicit-any)" source="eslint.rules.@typescript-eslint/no-explicit-any" /><error line="272" column="7" severity="warning" message="Unexpected alert. (no-alert)" source="eslint.rules.no-alert" /><error line="283" column="52" severity="warning" message="Unexpected any. Specify a different type. (@typescript-eslint/no-explicit-any)" source="eslint.rules.@typescript-eslint/no-explicit-any" /><error line="288" column="33" severity="warning" message="Unexpected any. Specify a different type. (@typescript-eslint/no-explicit-any)" source="eslint.rules.@typescript-eslint/no-explicit-any" /><error line="290" column="38" severity="warning" message="Unexpected any. Specify a different type. (@typescript-eslint/no-explicit-any)" source="eslint.rules.@typescript-eslint/no-explicit-any" /><error line="295" column="48" severity="warning" message="Unexpected any. Specify a different type. (@typescript-eslint/no-explicit-any)" source="eslint.rules.@typescript-eslint/no-explicit-any" /><error line="297" column="56" severity="warning" message="Unexpected any. Specify a different type. (@typescript-eslint/no-explicit-any)" source="eslint.rules.@typescript-eslint/no-explicit-any" /><error line="301" column="51" severity="error" message="Expected &apos;!==&apos; and instead saw &apos;!=&apos;. (eqeqeq)" source="eslint.rules.eqeqeq" /><error line="302" column="5" severity="warning" message="Unexpected console statement. (no-console)" source="eslint.rules.no-console" /><error line="303" column="5" severity="warning" message="Unexpected console statement. (no-console)" source="eslint.rules.no-console" /><error line="304" column="5" severity="warning" message="Unexpected console statement. (no-console)" source="eslint.rules.no-console" /><error line="385" column="31" severity="warning" message="Unexpected any. Specify a different type. (@typescript-eslint/no-explicit-any)" source="eslint.rules.@typescript-eslint/no-explicit-any" /><error line="385" column="43" severity="warning" message="Unexpected any. Specify a different type. (@typescript-eslint/no-explicit-any)" source="eslint.rules.@typescript-eslint/no-explicit-any" /><error line="386" column="28" severity="error" message="Do not use Array index in keys (react/no-array-index-key)" source="eslint.rules.react/no-array-index-key" /><error line="454" column="47" severity="warning" message="Unexpected any. Specify a different type. (@typescript-eslint/no-explicit-any)" source="eslint.rules.@typescript-eslint/no-explicit-any" /><error line="470" column="51" severity="warning" message="Unexpected any. Specify a different type. (@typescript-eslint/no-explicit-any)" source="eslint.rules.@typescript-eslint/no-explicit-any" /><error line="472" column="61" severity="error" message="Do not use Array index in keys (react/no-array-index-key)" source="eslint.rules.react/no-array-index-key" /><error line="499" column="19" severity="error" message="Nested block is redundant. (no-lone-blocks)" source="eslint.rules.no-lone-blocks" /><error line="506" column="19" severity="error" message="Expected an assignment or function call and instead saw an expression. (no-unused-expressions)" source="eslint.rules.no-unused-expressions" /><error line="508" column="21" severity="error" message="Unexpected use of comma operator. (no-sequences)" source="eslint.rules.no-sequences" /><error line="518" column="19" severity="error" message="Expected an assignment or function call and instead saw an expression. (no-unused-expressions)" source="eslint.rules.no-unused-expressions" /><error line="520" column="21" severity="error" message="Unexpected use of comma operator. (no-sequences)" source="eslint.rules.no-sequences" /><error line="613" column="15" severity="error" message="Expected an assignment or function call and instead saw an expression. (no-unused-expressions)" source="eslint.rules.no-unused-expressions" /><error line="615" column="17" severity="error" message="Unexpected use of comma operator. (no-sequences)" source="eslint.rules.no-sequences" /><error line="704" column="15" severity="error" message="Expected an assignment or function call and instead saw an expression. (no-unused-expressions)" source="eslint.rules.no-unused-expressions" /><error line="704" column="35" severity="error" message="Unexpected use of comma operator. (no-sequences)" source="eslint.rules.no-sequences" /></file><file name="C:\Users\David\Desktop\ESPOL\8vo semestre\Ing Soft\proyecto\app\TarifansApp\types.tsx"><error line="14" column="3" severity="error" message="ES2015 module syntax is preferred over custom TypeScript modules and namespaces. (@typescript-eslint/no-namespace)" source="eslint.rules.@typescript-eslint/no-namespace" /></file></checkstyle>